


ARM Macro Assembler    Page 1 


    1 00000000         ;Write a program to FACT BY RECUR
    2 00000000                 AREA             RESET, DATA, READONLY
    3 00000000                 EXPORT           __Vectors
    4 00000000         __Vectors
    5 00000000 10001000        DCD              0x10001000
    6 00000004 00000000        DCD              Reset_Handler
    7 00000008         
    8 00000008                 ALIGN
    9 00000008                 AREA             mycode, CODE, READONLY
   10 00000000                 ENTRY
   11 00000000                 EXPORT           Reset_Handler
   12 00000000         Reset_Handler
   13 00000000 480B            LDR              R0,=NUM1
   14 00000002 6800            LDR              R0,[R0]
   15 00000004 F000 F801       BL               FACT
   16 00000008         STOP
   17 00000008 E7FE            B                STOP
   18 0000000A         
   19 0000000A B510    FACT    PUSH             {R4,R14}
   20 0000000C 4604            MOV              R4,R0
   21 0000000E 2800            CMP              R0,#0
   22 00000010 D102            BNE              DOWN
   23 00000012 F04F 0001       MOV              R0,#1
   24 00000016 E006            B                LAST
   25 00000018         
   26 00000018 F1A0 0001 
                       DOWN    SUB              R0,#1
   27 0000001C F7FF FFF5       BL               FACT
   28 00000020 4621            MOV              R1,R4
   29 00000022 FB00 F001       MUL              R0,R0,R1
   30 00000026         
   31 00000026 E8BD 4010 
                       LAST    POP              {R4,R14}
   32 0000002A 4770            BX               LR
   33 0000002C         
   34 0000002C 00000005 
                       NUM1    DCD              0x5
   35 00000030 00000000        AREA             mydata, DATA,READWRITE
   36 00000000 00000000 
                       DST     DCD              0
   37 00000004                 END
Command Line: --debug --xref --cpu=Cortex-M3 --apcs=interwork --depend=fact.d -
ofact.o -IC:\Keil\ARM\RV31\INC -IC:\Keil\ARM\CMSIS\Include -IC:\Keil\ARM\Inc\NX
P\LPC17xx --predefine="__EVAL SETA 1" --list=.\fact.lst Practice\fact.asm



ARM Macro Assembler    Page 1 Alphabetic symbol ordering
Relocatable symbols

RESET 00000000

Symbol: RESET
   Definitions
      At line 2 in file Practice\fact.asm
   Uses
      None
Comment: RESET unused
__Vectors 00000000

Symbol: __Vectors
   Definitions
      At line 4 in file Practice\fact.asm
   Uses
      At line 3 in file Practice\fact.asm
Comment: __Vectors used once
2 symbols



ARM Macro Assembler    Page 1 Alphabetic symbol ordering
Relocatable symbols

DOWN 00000018

Symbol: DOWN
   Definitions
      At line 26 in file Practice\fact.asm
   Uses
      At line 22 in file Practice\fact.asm
Comment: DOWN used once
FACT 0000000A

Symbol: FACT
   Definitions
      At line 19 in file Practice\fact.asm
   Uses
      At line 15 in file Practice\fact.asm
      At line 27 in file Practice\fact.asm

LAST 00000026

Symbol: LAST
   Definitions
      At line 31 in file Practice\fact.asm
   Uses
      At line 24 in file Practice\fact.asm
Comment: LAST used once
NUM1 0000002C

Symbol: NUM1
   Definitions
      At line 34 in file Practice\fact.asm
   Uses
      At line 13 in file Practice\fact.asm
Comment: NUM1 used once
Reset_Handler 00000000

Symbol: Reset_Handler
   Definitions
      At line 12 in file Practice\fact.asm
   Uses
      At line 6 in file Practice\fact.asm
      At line 11 in file Practice\fact.asm

STOP 00000008

Symbol: STOP
   Definitions
      At line 16 in file Practice\fact.asm
   Uses
      At line 17 in file Practice\fact.asm
Comment: STOP used once
mycode 00000000

Symbol: mycode
   Definitions
      At line 9 in file Practice\fact.asm
   Uses
      None
Comment: mycode unused
7 symbols



ARM Macro Assembler    Page 1 Alphabetic symbol ordering
Relocatable symbols

DST 00000000

Symbol: DST
   Definitions
      At line 36 in file Practice\fact.asm
   Uses
      None
Comment: DST unused
mydata 00000000

Symbol: mydata
   Definitions
      At line 35 in file Practice\fact.asm
   Uses
      None
Comment: mydata unused
2 symbols
344 symbols in table
