


ARM Macro Assembler    Page 1 


    1 00000000         ;Write a program to subtract two 128 bit numbers
    2 00000000                 AREA             RESET, DATA, READONLY
    3 00000000                 EXPORT           __Vectors
    4 00000000         __Vectors
    5 00000000 10001000        DCD              0x10001000
    6 00000004 00000000        DCD              Reset_Handler
    7 00000008         
    8 00000008                 ALIGN
    9 00000008                 AREA             mycode, CODE, READONLY
   10 00000000                 ENTRY
   11 00000000                 EXPORT           Reset_Handler
   12 00000000         Reset_Handler
   13 00000000 F04F 0006       LDR              R0,=0X06
   14 00000004 F04F 0107       LDR              R1,=0X07
   15 00000008 4F12            LDR              R7,=DST
   16 0000000A F04F 0201       MOV              R2,#1
   17 0000000E F000 F801       BL               LCM
   18 00000012         STOP
   19 00000012 E7FE            B                STOP
   20 00000014 B504    LCM     PUSH             {R2,R14}
   21 00000016 F000 F817       BL               DIV
   22 0000001A 603A            STR              R2,[R7]
   23 0000001C 683E            LDR              R6,[R7]
   24 0000001E 4601            MOV              R1,R0
   25 00000020 F000 F812       BL               DIV
   26 00000024 603A            STR              R2,[R7]
   27 00000026 F8D7 8000       LDR              R8,[R7]
   28 0000002A 2E00            CMP              R6,#0
   29 0000002C D009            BEQ              EX1
   30 0000002E E000            B                G
   31 00000030 E005    F       B                EXIT
   32 00000032 F7FF FFEF 
                       G       BL               LCM
   33 00000036 E8BD 4004       POP              {R2,R14}
   34 0000003A F102 0201       ADD              R2,#1
   35 0000003E 4770    EXIT    BX               LR
   36 00000040 E7E7            B                STOP
   37 00000042 F1B8 0F00 
                       EX1     CMP              R8,#0
   38 00000046 E7F3            B                F
   39 00000048         DIV
   40 00000048 EBA2 0201 
                       UP      SUB              R2,R1
   41 0000004C 2900            CMP              R1,#0
   42 0000004E D1FB            BNE              UP
   43 00000050 4770            BX               LR
   44 00000052 00 00 00000000  AREA             mydata, DATA,READWRITE
   45 00000000 00000000 
              00000000 
              00000000 
              00000000 DST     DCD              0,0,0,0
   46 00000010                 END
Command Line: --debug --xref --cpu=Cortex-M3 --apcs=interwork --depend=KSD.d -o
KSD.o -IC:\Keil\ARM\RV31\INC -IC:\Keil\ARM\CMSIS\Include -IC:\Keil\ARM\Inc\NXP\
LPC17xx --predefine="__EVAL SETA 1" --list=.\KSD.lst Practice\KSD.asm



ARM Macro Assembler    Page 1 Alphabetic symbol ordering
Relocatable symbols

RESET 00000000

Symbol: RESET
   Definitions
      At line 2 in file Practice\KSD.asm
   Uses
      None
Comment: RESET unused
__Vectors 00000000

Symbol: __Vectors
   Definitions
      At line 4 in file Practice\KSD.asm
   Uses
      At line 3 in file Practice\KSD.asm
Comment: __Vectors used once
2 symbols



ARM Macro Assembler    Page 1 Alphabetic symbol ordering
Relocatable symbols

DIV 00000048

Symbol: DIV
   Definitions
      At line 39 in file Practice\KSD.asm
   Uses
      At line 21 in file Practice\KSD.asm
      At line 25 in file Practice\KSD.asm

EX1 00000042

Symbol: EX1
   Definitions
      At line 37 in file Practice\KSD.asm
   Uses
      At line 29 in file Practice\KSD.asm
Comment: EX1 used once
EXIT 0000003E

Symbol: EXIT
   Definitions
      At line 35 in file Practice\KSD.asm
   Uses
      At line 31 in file Practice\KSD.asm
Comment: EXIT used once
F 00000030

Symbol: F
   Definitions
      At line 31 in file Practice\KSD.asm
   Uses
      At line 38 in file Practice\KSD.asm
Comment: F used once
G 00000032

Symbol: G
   Definitions
      At line 32 in file Practice\KSD.asm
   Uses
      At line 30 in file Practice\KSD.asm
Comment: G used once
LCM 00000014

Symbol: LCM
   Definitions
      At line 20 in file Practice\KSD.asm
   Uses
      At line 17 in file Practice\KSD.asm
      At line 32 in file Practice\KSD.asm

Reset_Handler 00000000

Symbol: Reset_Handler
   Definitions
      At line 12 in file Practice\KSD.asm
   Uses
      At line 6 in file Practice\KSD.asm
      At line 11 in file Practice\KSD.asm




ARM Macro Assembler    Page 2 Alphabetic symbol ordering
Relocatable symbols

STOP 00000012

Symbol: STOP
   Definitions
      At line 18 in file Practice\KSD.asm
   Uses
      At line 19 in file Practice\KSD.asm
      At line 36 in file Practice\KSD.asm

UP 00000048

Symbol: UP
   Definitions
      At line 40 in file Practice\KSD.asm
   Uses
      At line 42 in file Practice\KSD.asm
Comment: UP used once
mycode 00000000

Symbol: mycode
   Definitions
      At line 9 in file Practice\KSD.asm
   Uses
      None
Comment: mycode unused
10 symbols



ARM Macro Assembler    Page 1 Alphabetic symbol ordering
Relocatable symbols

DST 00000000

Symbol: DST
   Definitions
      At line 45 in file Practice\KSD.asm
   Uses
      At line 15 in file Practice\KSD.asm
Comment: DST used once
mydata 00000000

Symbol: mydata
   Definitions
      At line 44 in file Practice\KSD.asm
   Uses
      None
Comment: mydata unused
2 symbols
347 symbols in table
