


ARM Macro Assembler    Page 1 


    1 00000000         ;Write an ARM assembly language program to transfer bloc
                       k of ten 32 bit numbers from one memory to another->a. W
                       hen the source and destination blocks are non-overlappin
                       g
    2 00000000                 AREA             RESET, DATA, READONLY
    3 00000000                 EXPORT           __Vectors
    4 00000000         __Vectors
    5 00000000 10001000        DCD              0x10001000
    6 00000004 00000000        DCD              Reset_Handler
    7 00000008         
    8 00000008                 ALIGN
    9 00000008                 AREA             mycode, CODE, READONLY
   10 00000000                 ENTRY
   11 00000000                 EXPORT           Reset_Handler
   12 00000000         Reset_Handler
   13 00000000 480F            LDR              R0,=SRC+(N*4)-4
   14 00000002 4910            LDR              R1,=SRC+(N*8)-4
   15 00000004         
   16 00000004 F04F 040A       MOV              R4,#10
   17 00000008 F850 3904 
                       UP      LDR              R3,[R0],#-04
   18 0000000C F841 3904       STR              R3, [R1], #-04
   19 00000010 3C01            SUBS             R4,#01
   20 00000012 D1F9            BNE              UP
   21 00000014         STOP
   22 00000014 E7FE            B                STOP
   23 00000016 0000000A 
                       N       EQU              10
   24 00000016 00 00 12345678 
              ABCDEF12 
              48723489 
              12345548 
              ABC45F12 
              48453489 
              13445678 
              ABC56F12 
              48783489 
              48783488 SRC     DCD              0x12345678,0xABCDEF12,0x4872348
9,0x12345548,0xABC45F12,0x48453489,0x13445678,0xABC56F12,0x48783489,0x48783488
   25 00000040 00000024 
              0000004C         AREA             mydata, DATA,READWRITE
   26 00000000 00000000 
              00000000 
              00000000 
              00000000 
              00000000 
              00000000 
              00000000 
              00000000 
              00000000 
              00000000 DST     DCD              0,0,0,0,0,0,0,0,0,0
   27 00000028                 END
Command Line: --debug --xref --cpu=Cortex-M3 --apcs=interwork --depend=L1Q1.d -
oL1Q1.o -IC:\Keil\ARM\RV31\INC -IC:\Keil\ARM\CMSIS\Include -IC:\Keil\ARM\Inc\NX
P\LPC17xx --predefine="__EVAL SETA 1" --list=.\L1Q1.lst LAB1\L1Q1.asm



ARM Macro Assembler    Page 1 Alphabetic symbol ordering
Relocatable symbols

RESET 00000000

Symbol: RESET
   Definitions
      At line 2 in file LAB1\L1Q1.asm
   Uses
      None
Comment: RESET unused
__Vectors 00000000

Symbol: __Vectors
   Definitions
      At line 4 in file LAB1\L1Q1.asm
   Uses
      At line 3 in file LAB1\L1Q1.asm
Comment: __Vectors used once
2 symbols



ARM Macro Assembler    Page 1 Alphabetic symbol ordering
Relocatable symbols

Reset_Handler 00000000

Symbol: Reset_Handler
   Definitions
      At line 12 in file LAB1\L1Q1.asm
   Uses
      At line 6 in file LAB1\L1Q1.asm
      At line 11 in file LAB1\L1Q1.asm

SRC 00000018

Symbol: SRC
   Definitions
      At line 24 in file LAB1\L1Q1.asm
   Uses
      At line 13 in file LAB1\L1Q1.asm
      At line 14 in file LAB1\L1Q1.asm

STOP 00000014

Symbol: STOP
   Definitions
      At line 21 in file LAB1\L1Q1.asm
   Uses
      At line 22 in file LAB1\L1Q1.asm
Comment: STOP used once
UP 00000008

Symbol: UP
   Definitions
      At line 17 in file LAB1\L1Q1.asm
   Uses
      At line 20 in file LAB1\L1Q1.asm
Comment: UP used once
mycode 00000000

Symbol: mycode
   Definitions
      At line 9 in file LAB1\L1Q1.asm
   Uses
      None
Comment: mycode unused
5 symbols



ARM Macro Assembler    Page 1 Alphabetic symbol ordering
Relocatable symbols

DST 00000000

Symbol: DST
   Definitions
      At line 26 in file LAB1\L1Q1.asm
   Uses
      None
Comment: DST unused
mydata 00000000

Symbol: mydata
   Definitions
      At line 25 in file LAB1\L1Q1.asm
   Uses
      None
Comment: mydata unused
2 symbols



ARM Macro Assembler    Page 1 Alphabetic symbol ordering
Absolute symbols

N 0000000A

Symbol: N
   Definitions
      At line 23 in file LAB1\L1Q1.asm
   Uses
      At line 13 in file LAB1\L1Q1.asm
      At line 14 in file LAB1\L1Q1.asm

1 symbol
343 symbols in table
