


ARM Macro Assembler    Page 1 


    1 00000000                 AREA             RESET, DATA, READONLY
    2 00000000                 EXPORT           __Vectors
    3 00000000         __Vectors
    4 00000000 10001000        DCD              0x10001000
    5 00000004 00000000        DCD              Reset_Handler
    6 00000008         
    7 00000008                 ALIGN
    8 00000008                 AREA             mycode, CODE, READONLY
    9 00000000                 ENTRY
   10 00000000                 EXPORT           Reset_Handler
   11 00000000         Reset_Handler
   12 00000000 4805            LDR              R0,=SRC+N*4-4
   13 00000002 4906            LDR              R1,=SRC+(N*8)-4-V*4
   14 00000004         
   15 00000004 F04F 040A       MOV              R4,#10
   16 00000008 F850 3904 
                       UP      LDR              R3,[R0],#-04
   17 0000000C F841 3904       STR              R3, [R1], #-04
   18 00000010 3C01            SUBS             R4,#01
   19 00000012 D1F9            BNE              UP
   20 00000014         STOP
   21 00000014 E7FE            B                STOP
   22 00000016 0000000A 
                       N       EQU              10
   23 00000016 00000005 
                       V       EQU              5
   24 00000016 00 00 00000024 
              00000038         AREA             mydata, DATA,READWRITE
   25 00000000 12345678 
              ABCDEF12 
              48723489 
              12345548 
              ABC45F12 
              48453489 
              13445678 
              ABC56F12 
              48783489 
              48783488 SRC     DCD              0x12345678,0xABCDEF12,0x4872348
9,0x12345548,0xABC45F12,0x48453489,0x13445678,0xABC56F12,0x48783489,0x48783488
   26 00000028                 END
Command Line: --debug --xref --cpu=Cortex-M3 --apcs=interwork --depend=L1Q1ii.d
 -oL1Q1ii.o -IC:\Keil\ARM\RV31\INC -IC:\Keil\ARM\CMSIS\Include -IC:\Keil\ARM\In
c\NXP\LPC17xx --predefine="__EVAL SETA 1" --list=.\L1Q1ii.lst LAB1\L1Q1ii.asm



ARM Macro Assembler    Page 1 Alphabetic symbol ordering
Relocatable symbols

RESET 00000000

Symbol: RESET
   Definitions
      At line 1 in file LAB1\L1Q1ii.asm
   Uses
      None
Comment: RESET unused
__Vectors 00000000

Symbol: __Vectors
   Definitions
      At line 3 in file LAB1\L1Q1ii.asm
   Uses
      At line 2 in file LAB1\L1Q1ii.asm
Comment: __Vectors used once
2 symbols



ARM Macro Assembler    Page 1 Alphabetic symbol ordering
Relocatable symbols

Reset_Handler 00000000

Symbol: Reset_Handler
   Definitions
      At line 11 in file LAB1\L1Q1ii.asm
   Uses
      At line 5 in file LAB1\L1Q1ii.asm
      At line 10 in file LAB1\L1Q1ii.asm

STOP 00000014

Symbol: STOP
   Definitions
      At line 20 in file LAB1\L1Q1ii.asm
   Uses
      At line 21 in file LAB1\L1Q1ii.asm
Comment: STOP used once
UP 00000008

Symbol: UP
   Definitions
      At line 16 in file LAB1\L1Q1ii.asm
   Uses
      At line 19 in file LAB1\L1Q1ii.asm
Comment: UP used once
mycode 00000000

Symbol: mycode
   Definitions
      At line 8 in file LAB1\L1Q1ii.asm
   Uses
      None
Comment: mycode unused
4 symbols



ARM Macro Assembler    Page 1 Alphabetic symbol ordering
Relocatable symbols

SRC 00000000

Symbol: SRC
   Definitions
      At line 25 in file LAB1\L1Q1ii.asm
   Uses
      At line 12 in file LAB1\L1Q1ii.asm
      At line 13 in file LAB1\L1Q1ii.asm

mydata 00000000

Symbol: mydata
   Definitions
      At line 24 in file LAB1\L1Q1ii.asm
   Uses
      None
Comment: mydata unused
2 symbols



ARM Macro Assembler    Page 1 Alphabetic symbol ordering
Absolute symbols

N 0000000A

Symbol: N
   Definitions
      At line 22 in file LAB1\L1Q1ii.asm
   Uses
      At line 12 in file LAB1\L1Q1ii.asm
      At line 13 in file LAB1\L1Q1ii.asm

V 00000005

Symbol: V
   Definitions
      At line 23 in file LAB1\L1Q1ii.asm
   Uses
      At line 13 in file LAB1\L1Q1ii.asm
Comment: V used once
2 symbols
343 symbols in table
