


ARM Macro Assembler    Page 1 


    1 00000000         ;Write a program to add ten 32 bit numbers stored in cod
                       e segment and store the result in data segment
    2 00000000                 AREA             RESET, DATA, READONLY
    3 00000000                 EXPORT           __Vectors
    4 00000000         __Vectors
    5 00000000 10001000        DCD              0x10001000
    6 00000004 00000000        DCD              Reset_Handler
    7 00000008         
    8 00000008                 ALIGN
    9 00000008                 AREA             mycode, CODE, READONLY
   10 00000000                 ENTRY
   11 00000000                 EXPORT           Reset_Handler
   12 00000000         Reset_Handler
   13 00000000 4813            LDR              R0,=SRC
   14 00000002 4E14            LDR              R6,=DST
   15 00000004 F04F 0200       MOV              R2,#0
   16 00000008 F04F 0300       MOV              R3,#0
   17 0000000C F04F 040A       MOV              R4,#10
   18 00000010         
   19 00000010 F850 1B04 
                       UP      LDR              R1,[R0],#4
   20 00000014 1852            ADDS             R2,R1
   21 00000016 F153 0300       ADCS             R3,#0
   22 0000001A 3C01            SUBS             R4,#01
   23 0000001C D1F8            BNE              UP
   24 0000001E 6032            STR              R2,[R6]
   25 00000020 F846 3D04       STR              R3,[R6,#-4]!
   26 00000024         STOP
   27 00000024 E7FE            B                STOP
   28 00000026 00 00 00000008 
              00000004 
              00000007 
              00000001 
              00000005 
              00000002 
              00000008 
              00000012 
              00000009 
              00000004 SRC     DCD              0x00000008,0x00000004,0x0000000
7,0x00000001,0x00000005,0x00000002,0x000000008,0x00000012,0x00000009,0x00000004
   29 00000050 00000000 
              00000000         AREA             mydata, DATA,READWRITE
   30 00000000 00000000 
                       DST     DCD              0
   31 00000004                 END
Command Line: --debug --xref --cpu=Cortex-M3 --apcs=interwork --depend=L2Q1.d -
oL2Q1.o -IC:\Keil\ARM\RV31\INC -IC:\Keil\ARM\CMSIS\Include -IC:\Keil\ARM\Inc\NX
P\LPC17xx --predefine="__EVAL SETA 1" --list=.\L2Q1.lst LAB1\L2Q1.asm



ARM Macro Assembler    Page 1 Alphabetic symbol ordering
Relocatable symbols

RESET 00000000

Symbol: RESET
   Definitions
      At line 2 in file LAB1\L2Q1.asm
   Uses
      None
Comment: RESET unused
__Vectors 00000000

Symbol: __Vectors
   Definitions
      At line 4 in file LAB1\L2Q1.asm
   Uses
      At line 3 in file LAB1\L2Q1.asm
Comment: __Vectors used once
2 symbols



ARM Macro Assembler    Page 1 Alphabetic symbol ordering
Relocatable symbols

Reset_Handler 00000000

Symbol: Reset_Handler
   Definitions
      At line 12 in file LAB1\L2Q1.asm
   Uses
      At line 6 in file LAB1\L2Q1.asm
      At line 11 in file LAB1\L2Q1.asm

SRC 00000028

Symbol: SRC
   Definitions
      At line 28 in file LAB1\L2Q1.asm
   Uses
      At line 13 in file LAB1\L2Q1.asm
Comment: SRC used once
STOP 00000024

Symbol: STOP
   Definitions
      At line 26 in file LAB1\L2Q1.asm
   Uses
      At line 27 in file LAB1\L2Q1.asm
Comment: STOP used once
UP 00000010

Symbol: UP
   Definitions
      At line 19 in file LAB1\L2Q1.asm
   Uses
      At line 23 in file LAB1\L2Q1.asm
Comment: UP used once
mycode 00000000

Symbol: mycode
   Definitions
      At line 9 in file LAB1\L2Q1.asm
   Uses
      None
Comment: mycode unused
5 symbols



ARM Macro Assembler    Page 1 Alphabetic symbol ordering
Relocatable symbols

DST 00000000

Symbol: DST
   Definitions
      At line 30 in file LAB1\L2Q1.asm
   Uses
      At line 14 in file LAB1\L2Q1.asm
Comment: DST used once
mydata 00000000

Symbol: mydata
   Definitions
      At line 29 in file LAB1\L2Q1.asm
   Uses
      None
Comment: mydata unused
2 symbols
342 symbols in table
