


ARM Macro Assembler    Page 1 


    1 00000000         ;Write a program to multiply two 32 bit numbers by repet
                       itive addition for BCD
    2 00000000                 AREA             RESET, DATA, READONLY
    3 00000000                 EXPORT           __Vectors
    4 00000000         __Vectors
    5 00000000 10001000        DCD              0x10001000
    6 00000004 00000000        DCD              Reset_Handler
    7 00000008         
    8 00000008                 ALIGN
    9 00000008                 AREA             mycode, CODE, READONLY
   10 00000000                 ENTRY
   11 00000000                 EXPORT           Reset_Handler
   12 00000000         Reset_Handler
   13 00000000 4820            LDR              R0,=NUM1
   14 00000002 4920            LDR              R1,=NUM1
   15 00000004 F8DF B080       LDR              R11,=NUM2
   16 00000008 F8DB C000       LDR              R12,[R11]
   17 0000000C F04F 0900       MOV              R9,#0
   18 00000010 F04F 0B00       MOV              R11,#0
   19 00000014         
   20 00000014 6807    LOOP    LDR              R7,[R0]
   21 00000016 F04F 0208       MOV              R2,#8
   22 0000001A F04F 0300       LDR              R3,=0
   23 0000001E         
   24 0000001E F007 040F 
                       UP      AND              R4,R7,#0x0F
   25 00000022 F009 050F       AND              R5,R9,#0x0F
   26 00000026 F04F 0600       MOV              R6,#0
   27 0000002A EB54 0605       ADCS             R6,R4,R5
   28 0000002E 2E0A            CMP              R6,#0x0A
   29 00000030 D301            BCC              down
   30 00000032 F106 0606       ADD              R6,#06
   31 00000036         
   32 00000036 F006 0A0F 
                       down    AND              R10,R6,0x0F
   33 0000003A EA4F 1616       LSR              R6,#04
   34 0000003E 4453            ADD              R3,R10
   35 00000040 EA4F 1333       ROR              R3,#04
   36 00000044 EA4F 1737       ROR              R7,#04
   37 00000048 EA4F 1939       ROR              R9,#04
   38 0000004C F1A2 0201       SUB              R2,#01
   39 00000050 F092 0F00       TEQ              R2,#00
   40 00000054 D1E3            BNE              UP
   41 00000056 4699            MOV              R9,R3
   42 00000058 44B3            ADD              R11,R6
   43 0000005A F04F 0800       LDR              R8,=0x0
   44 0000005E F388 8803       MSR              xPSR,R8
   45 00000062 F1AC 0C01       SUB              R12,#01
   46 00000066 F09C 0F00       TEQ              R12,#00
   47 0000006A D1D3            BNE              LOOP
   48 0000006C         
   49 0000006C F8DF 801C       LDR              R8,=DST
   50 00000070 F848 3B04       STR              R3,[R8],#4
   51 00000074 F8C8 B000       STR              R11,[R8]
   52 00000078         STOP
   53 00000078 E7FE            B                STOP
   54 0000007A 00 00 92345678 
                       NUM1    DCD              0x92345678
   55 00000080 00000004 



ARM Macro Assembler    Page 2 


                       NUM2    DCD              0x00000004
   56 00000084 00000000 
              00000000 
              00000000 
              00000000         AREA             mydata, DATA,READWRITE
   57 00000000 00000000 
                       DST     DCD              0
   58 00000004                 END
Command Line: --debug --xref --cpu=Cortex-M3 --apcs=interwork --depend=L3Q2.d -
oL3Q2.o -IC:\Keil\ARM\RV31\INC -IC:\Keil\ARM\CMSIS\Include -IC:\Keil\ARM\Inc\NX
P\LPC17xx --predefine="__EVAL SETA 1" --list=.\L3Q2.lst LAB3\L3Q2.asm



ARM Macro Assembler    Page 1 Alphabetic symbol ordering
Relocatable symbols

RESET 00000000

Symbol: RESET
   Definitions
      At line 2 in file LAB3\L3Q2.asm
   Uses
      None
Comment: RESET unused
__Vectors 00000000

Symbol: __Vectors
   Definitions
      At line 4 in file LAB3\L3Q2.asm
   Uses
      At line 3 in file LAB3\L3Q2.asm
Comment: __Vectors used once
2 symbols



ARM Macro Assembler    Page 1 Alphabetic symbol ordering
Relocatable symbols

LOOP 00000014

Symbol: LOOP
   Definitions
      At line 20 in file LAB3\L3Q2.asm
   Uses
      At line 47 in file LAB3\L3Q2.asm
Comment: LOOP used once
NUM1 0000007C

Symbol: NUM1
   Definitions
      At line 54 in file LAB3\L3Q2.asm
   Uses
      At line 13 in file LAB3\L3Q2.asm
      At line 14 in file LAB3\L3Q2.asm

NUM2 00000080

Symbol: NUM2
   Definitions
      At line 55 in file LAB3\L3Q2.asm
   Uses
      At line 15 in file LAB3\L3Q2.asm
Comment: NUM2 used once
Reset_Handler 00000000

Symbol: Reset_Handler
   Definitions
      At line 12 in file LAB3\L3Q2.asm
   Uses
      At line 6 in file LAB3\L3Q2.asm
      At line 11 in file LAB3\L3Q2.asm

STOP 00000078

Symbol: STOP
   Definitions
      At line 52 in file LAB3\L3Q2.asm
   Uses
      At line 53 in file LAB3\L3Q2.asm
Comment: STOP used once
UP 0000001E

Symbol: UP
   Definitions
      At line 24 in file LAB3\L3Q2.asm
   Uses
      At line 40 in file LAB3\L3Q2.asm
Comment: UP used once
down 00000036

Symbol: down
   Definitions
      At line 32 in file LAB3\L3Q2.asm
   Uses
      At line 29 in file LAB3\L3Q2.asm
Comment: down used once
mycode 00000000



ARM Macro Assembler    Page 2 Alphabetic symbol ordering
Relocatable symbols


Symbol: mycode
   Definitions
      At line 9 in file LAB3\L3Q2.asm
   Uses
      None
Comment: mycode unused
8 symbols



ARM Macro Assembler    Page 1 Alphabetic symbol ordering
Relocatable symbols

DST 00000000

Symbol: DST
   Definitions
      At line 57 in file LAB3\L3Q2.asm
   Uses
      At line 49 in file LAB3\L3Q2.asm
Comment: DST used once
mydata 00000000

Symbol: mydata
   Definitions
      At line 56 in file LAB3\L3Q2.asm
   Uses
      None
Comment: mydata unused
2 symbols
345 symbols in table
