


ARM Macro Assembler    Page 1 


    1 00000000                 AREA             RESET, DATA, READONLY
    2 00000000                 EXPORT           __Vectors
    3 00000000         __Vectors
    4 00000000 10001000        DCD              0x10001000
    5 00000004 00000000        DCD              Reset_Handler
    6 00000008         
    7 00000008                 ALIGN
    8 00000008                 AREA             mycode, CODE, READONLY
    9 00000000                 ENTRY
   10 00000000                 EXPORT           Reset_Handler
   11 00000000         Reset_Handler
   12 00000000 4812            LDR              R0,=SRC
   13 00000002 F100 0204       ADD              R2,R0,#4
   14 00000006 F04F 0400       MOV              R4,#0
   15 0000000A F04F 0500       MOV              R5,#0
   16 0000000E 480F    UP1     LDR              R0,=SRC
   17 00000010 F100 0204       ADD              R2,R0,#4
   18 00000014 F04F 0400       MOV              R4,#0
   19 00000018         UP2
   20 00000018 6806            LDR              R6,[R0]
   21 0000001A 6817            LDR              R7,[R2]
   22 0000001C 42BE            CMP              R6,R7
   23 0000001E D307            BCC              K
   24 00000020 F8D2 8000       LDR              R8,[R2]
   25 00000024 F8D0 9000       LDR              R9,[R0]
   26 00000028 F8C0 8000       STR              R8,[R0]
   27 0000002C F8C2 9000       STR              R9,[R2]
   28 00000030 F102 0204 
                       K       ADD              R2,#4
   29 00000034 F100 0004       ADD              R0,#4
   30 00000038 F104 0401       ADD              R4,#1
   31 0000003C 2C04            CMP              R4,#4
   32 0000003E D1EB            BNE              UP2
   33 00000040 F105 0501       ADD              R5,#1
   34 00000044 2D05            CMP              R5,#5
   35 00000046 D000            BEQ              STOP
   36 00000048 E7E1            B                UP1
   37 0000004A         
   38 0000004A         STOP
   39 0000004A E7FE            B                STOP
   40 0000004C 00000000 
              00000000         AREA             mydata, DATA,READWRITE
   41 00000000 00000000 
              00000000 
              00000000 
              00000000 
              00000000 SRC     DCD              0,0,0,0,0
   42 00000014                 END
Command Line: --debug --xref --cpu=Cortex-M3 --apcs=interwork --depend=Prct.d -
oPrct.o -IC:\Keil\ARM\RV31\INC -IC:\Keil\ARM\CMSIS\Include -IC:\Keil\ARM\Inc\NX
P\LPC17xx --predefine="__EVAL SETA 1" --list=Prct.lst Prct.asm



ARM Macro Assembler    Page 1 Alphabetic symbol ordering
Relocatable symbols

RESET 00000000

Symbol: RESET
   Definitions
      At line 1 in file Prct.asm
   Uses
      None
Comment: RESET unused
__Vectors 00000000

Symbol: __Vectors
   Definitions
      At line 3 in file Prct.asm
   Uses
      At line 2 in file Prct.asm
Comment: __Vectors used once
2 symbols



ARM Macro Assembler    Page 1 Alphabetic symbol ordering
Relocatable symbols

K 00000030

Symbol: K
   Definitions
      At line 28 in file Prct.asm
   Uses
      At line 23 in file Prct.asm
Comment: K used once
Reset_Handler 00000000

Symbol: Reset_Handler
   Definitions
      At line 11 in file Prct.asm
   Uses
      At line 5 in file Prct.asm
      At line 10 in file Prct.asm

STOP 0000004A

Symbol: STOP
   Definitions
      At line 38 in file Prct.asm
   Uses
      At line 35 in file Prct.asm
      At line 39 in file Prct.asm

UP1 0000000E

Symbol: UP1
   Definitions
      At line 16 in file Prct.asm
   Uses
      At line 36 in file Prct.asm
Comment: UP1 used once
UP2 00000018

Symbol: UP2
   Definitions
      At line 19 in file Prct.asm
   Uses
      At line 32 in file Prct.asm
Comment: UP2 used once
mycode 00000000

Symbol: mycode
   Definitions
      At line 8 in file Prct.asm
   Uses
      None
Comment: mycode unused
6 symbols



ARM Macro Assembler    Page 1 Alphabetic symbol ordering
Relocatable symbols

SRC 00000000

Symbol: SRC
   Definitions
      At line 41 in file Prct.asm
   Uses
      At line 12 in file Prct.asm
      At line 16 in file Prct.asm

mydata 00000000

Symbol: mydata
   Definitions
      At line 40 in file Prct.asm
   Uses
      None
Comment: mydata unused
2 symbols
343 symbols in table
