


ARM Macro Assembler    Page 1 


    1 00000000         ;Write a program to FACT BY RECUR
    2 00000000                 AREA             RESET, DATA, READONLY
    3 00000000                 EXPORT           __Vectors
    4 00000000         __Vectors
    5 00000000 10001000        DCD              0x10001000
    6 00000004 00000000        DCD              Reset_Handler
    7 00000008         
    8 00000008                 ALIGN
    9 00000008                 AREA             mycode, CODE, READONLY
   10 00000000                 ENTRY
   11 00000000                 EXPORT           Reset_Handler
   12 00000000         Reset_Handler
   13 00000000 F04F 0102       LDR              R1,=2
   14 00000004 F04F 32FF       LDR              R2,=0XFFFFFFFF
   15 00000008 4B06            LDR              R3,=0X10000001
   16 0000000A F04F 0400       LDR              R4,=0X0
   17 0000000E F384 8803       MSR              XPSR,R4
   18 00000012 EA4F 0262       ASR              R2,#1
   19 00000016 FBC1 3402       SMLAL            R3,R4,R1,R2
   20 0000001A FBA1 3402       UMULL            R3,R4,R1,R2
   21 0000001E FB81 3402       SMULL            R3,R4,R1,R2
   22 00000022         
   23 00000022 E7FE    STOP    B                STOP
   24 00000024 10000001        AREA             mydata, DATA,READWRITE
   25 00000000 00000000 
                       DST     DCD              0
   26 00000004                 END
Command Line: --debug --xref --cpu=Cortex-M3 --apcs=interwork --depend=prt.d -o
prt.o -IC:\Keil\ARM\RV31\INC -IC:\Keil\ARM\CMSIS\Include -IC:\Keil\ARM\Inc\NXP\
LPC17xx --predefine="__EVAL SETA 1" --list=.\prt.lst Practice\prt.asm



ARM Macro Assembler    Page 1 Alphabetic symbol ordering
Relocatable symbols

RESET 00000000

Symbol: RESET
   Definitions
      At line 2 in file Practice\prt.asm
   Uses
      None
Comment: RESET unused
__Vectors 00000000

Symbol: __Vectors
   Definitions
      At line 4 in file Practice\prt.asm
   Uses
      At line 3 in file Practice\prt.asm
Comment: __Vectors used once
2 symbols



ARM Macro Assembler    Page 1 Alphabetic symbol ordering
Relocatable symbols

Reset_Handler 00000000

Symbol: Reset_Handler
   Definitions
      At line 12 in file Practice\prt.asm
   Uses
      At line 6 in file Practice\prt.asm
      At line 11 in file Practice\prt.asm

STOP 00000022

Symbol: STOP
   Definitions
      At line 23 in file Practice\prt.asm
   Uses
      At line 23 in file Practice\prt.asm
Comment: STOP used once
mycode 00000000

Symbol: mycode
   Definitions
      At line 9 in file Practice\prt.asm
   Uses
      None
Comment: mycode unused
3 symbols



ARM Macro Assembler    Page 1 Alphabetic symbol ordering
Relocatable symbols

DST 00000000

Symbol: DST
   Definitions
      At line 25 in file Practice\prt.asm
   Uses
      None
Comment: DST unused
mydata 00000000

Symbol: mydata
   Definitions
      At line 24 in file Practice\prt.asm
   Uses
      None
Comment: mydata unused
2 symbols
340 symbols in table
