


ARM Macro Assembler    Page 1 


    1 00000000         ;Practice
    2 00000000                 AREA             RESET, DATA, READONLY
    3 00000000                 EXPORT           __Vectors
    4 00000000         __Vectors
    5 00000000 10001000        DCD              0x10001000
    6 00000004 00000000        DCD              Reset_Handler
    7 00000008         
    8 00000008                 ALIGN
    9 00000008                 AREA             mycode, CODE, READONLY
   10 00000000                 ENTRY
   11 00000000                 EXPORT           Reset_Handler
   12 00000000         Reset_Handler
   13 00000000 4809            LDR              R0,=NUM1
   14 00000002 490A            LDR              R1,=NUM2
   15 00000004 4E0A            LDR              R6,=DST
   16 00000006 680A            LDR              R2,[R1]
   17 00000008 6803            LDR              R3,[R0]
   18 0000000A F000 F804       BL               DIV
   19 0000000E F846 4B04       STR              R4,[R6],#4
   20 00000012 6032            STR              R2,[R6]
   21 00000014         STOP
   22 00000014 E7FE            B                STOP
   23 00000016         DIV
   24 00000016 F104 0401 
                       UP      ADD              R4,#1
   25 0000001A 1AD2            SUBS             R2,R3
   26 0000001C D1FB            BNE              UP
   27 0000001E 4770            BX               LR
   28 00000020 00000004 
                       NUM1    DCD              0x4
   29 00000024 0000000C 
                       NUM2    DCD              0x0000000C
   30 00000028 00000000 
              00000000 
              00000000         AREA             mydata, DATA,READWRITE
   31 00000000 00000000 
                       DST     DCD              0
   32 00000004                 END
Command Line: --debug --xref --cpu=Cortex-M3 --apcs=interwork --depend=prt2.d -
oprt2.o -IC:\Keil\ARM\RV31\INC -IC:\Keil\ARM\CMSIS\Include -IC:\Keil\ARM\Inc\NX
P\LPC17xx --predefine="__EVAL SETA 1" --list=.\prt2.lst LAB3\prt2.asm



ARM Macro Assembler    Page 1 Alphabetic symbol ordering
Relocatable symbols

RESET 00000000

Symbol: RESET
   Definitions
      At line 2 in file LAB3\prt2.asm
   Uses
      None
Comment: RESET unused
__Vectors 00000000

Symbol: __Vectors
   Definitions
      At line 4 in file LAB3\prt2.asm
   Uses
      At line 3 in file LAB3\prt2.asm
Comment: __Vectors used once
2 symbols



ARM Macro Assembler    Page 1 Alphabetic symbol ordering
Relocatable symbols

DIV 00000016

Symbol: DIV
   Definitions
      At line 23 in file LAB3\prt2.asm
   Uses
      At line 18 in file LAB3\prt2.asm
Comment: DIV used once
NUM1 00000020

Symbol: NUM1
   Definitions
      At line 28 in file LAB3\prt2.asm
   Uses
      At line 13 in file LAB3\prt2.asm
Comment: NUM1 used once
NUM2 00000024

Symbol: NUM2
   Definitions
      At line 29 in file LAB3\prt2.asm
   Uses
      At line 14 in file LAB3\prt2.asm
Comment: NUM2 used once
Reset_Handler 00000000

Symbol: Reset_Handler
   Definitions
      At line 12 in file LAB3\prt2.asm
   Uses
      At line 6 in file LAB3\prt2.asm
      At line 11 in file LAB3\prt2.asm

STOP 00000014

Symbol: STOP
   Definitions
      At line 21 in file LAB3\prt2.asm
   Uses
      At line 22 in file LAB3\prt2.asm
Comment: STOP used once
UP 00000016

Symbol: UP
   Definitions
      At line 24 in file LAB3\prt2.asm
   Uses
      At line 26 in file LAB3\prt2.asm
Comment: UP used once
mycode 00000000

Symbol: mycode
   Definitions
      At line 9 in file LAB3\prt2.asm
   Uses
      None
Comment: mycode unused
7 symbols



ARM Macro Assembler    Page 1 Alphabetic symbol ordering
Relocatable symbols

DST 00000000

Symbol: DST
   Definitions
      At line 31 in file LAB3\prt2.asm
   Uses
      At line 15 in file LAB3\prt2.asm
Comment: DST used once
mydata 00000000

Symbol: mydata
   Definitions
      At line 30 in file LAB3\prt2.asm
   Uses
      None
Comment: mydata unused
2 symbols
344 symbols in table
