


ARM Macro Assembler    Page 1 


    1 00000000         ;Practice
    2 00000000                 AREA             RESET, DATA, READONLY
    3 00000000                 EXPORT           __Vectors
    4 00000000         __Vectors
    5 00000000 10001000        DCD              0x10001000
    6 00000004 00000000        DCD              Reset_Handler
    7 00000008         
    8 00000008                 ALIGN
    9 00000008                 AREA             mycode, CODE, READONLY
   10 00000000                 ENTRY
   11 00000000                 EXPORT           Reset_Handler
   12 00000000         Reset_Handler
   13 00000000 4817            LDR              R0,=NUM1
   14 00000002 4E18            LDR              R6,=DST
   15 00000004 6801            LDR              R1,[R0]
   16 00000006 FB01 1301       MLA              R3,R1,R1,R1
   17 0000000A EA4F 0353       LSR              R3,#1
   18 0000000E 6033            STR              R3,[R6]
   19 00000010 4C15            LDR              R4,=0x24300000
   20 00000012 EA4F 7434       ROR              R4,#28
   21 00000016 F04F 040F       LDR              R4,=0x0000000F
   22 0000001A EA4F 0474       ROR              R4,#1
   23 0000001E F04F 5700       LDR              R7,=0x20000000
   24 00000022 F387 8803       MSR              xPSR,R7
   25 00000026 F04F 0402       LDR              R4,=0x00000002
   26 0000002A EA5F 0434       RRXS             R4,R4
   27 0000002E F04F 5180       LDR              R1,=0x10000000
   28 00000032 480E            LDR              R0,=0X12345678
   29 00000034 4A0E            LDR              R2,=0XADB0EF12
   30 00000036 7008            STRB             R0,[R1]
   31 00000038 F801 0F01       STRB             R0,[R1,#01]!
   32 0000003C F841 0B04       STR              R0,[R1],#04
   33 00000040 F811 0D01       LDRB             R0,[R1,#-1]!
   34 00000044 F811 0C02       LDRB             R0,[R1,#-2]
   35 00000048 EA4F 0332       RRX              R3,R2
   36 0000004C F851 2C04       LDR              R2,[R1,#-4]
   37 00000050 F143 0301       ADC              R3,#01
   38 00000054         
   39 00000054         
   40 00000054         
   41 00000054         STOP
   42 00000054 E7FE            B                STOP
   43 00000056 00 00 00000004 
                       NUM1    DCD              0x4
   44 0000005C 47231211 
                       NUM2    DCD              0x47231211
   45 00000060 00000000 
              00000000 
              24300000 
              12345678 
              ADB0EF12         AREA             mydata, DATA,READWRITE
   46 00000000 00000000 
                       DST     DCD              0
   47 00000004                 END
Command Line: --debug --xref --cpu=Cortex-M3 --apcs=interwork --depend=umlal.d 
-oumlal.o -IC:\Keil\ARM\RV31\INC -IC:\Keil\ARM\CMSIS\Include -IC:\Keil\ARM\Inc\
NXP\LPC17xx --predefine="__EVAL SETA 1" --list=.\umlal.lst LAB3\umlal.asm



ARM Macro Assembler    Page 1 Alphabetic symbol ordering
Relocatable symbols

RESET 00000000

Symbol: RESET
   Definitions
      At line 2 in file LAB3\umlal.asm
   Uses
      None
Comment: RESET unused
__Vectors 00000000

Symbol: __Vectors
   Definitions
      At line 4 in file LAB3\umlal.asm
   Uses
      At line 3 in file LAB3\umlal.asm
Comment: __Vectors used once
2 symbols



ARM Macro Assembler    Page 1 Alphabetic symbol ordering
Relocatable symbols

NUM1 00000058

Symbol: NUM1
   Definitions
      At line 43 in file LAB3\umlal.asm
   Uses
      At line 13 in file LAB3\umlal.asm
Comment: NUM1 used once
NUM2 0000005C

Symbol: NUM2
   Definitions
      At line 44 in file LAB3\umlal.asm
   Uses
      None
Comment: NUM2 unused
Reset_Handler 00000000

Symbol: Reset_Handler
   Definitions
      At line 12 in file LAB3\umlal.asm
   Uses
      At line 6 in file LAB3\umlal.asm
      At line 11 in file LAB3\umlal.asm

STOP 00000054

Symbol: STOP
   Definitions
      At line 41 in file LAB3\umlal.asm
   Uses
      At line 42 in file LAB3\umlal.asm
Comment: STOP used once
mycode 00000000

Symbol: mycode
   Definitions
      At line 9 in file LAB3\umlal.asm
   Uses
      None
Comment: mycode unused
5 symbols



ARM Macro Assembler    Page 1 Alphabetic symbol ordering
Relocatable symbols

DST 00000000

Symbol: DST
   Definitions
      At line 46 in file LAB3\umlal.asm
   Uses
      At line 14 in file LAB3\umlal.asm
Comment: DST used once
mydata 00000000

Symbol: mydata
   Definitions
      At line 45 in file LAB3\umlal.asm
   Uses
      None
Comment: mydata unused
2 symbols
342 symbols in table
